+ source /root/mugen-riscv/libs/locallibs/common_lib.sh
++ python3 --version
++ '[' 0 -eq 0 ']'
++ source /root/mugen-riscv/libs/locallibs/common_lib_python.sh
+ main
++ type -t post_test
+ '[' -n function ']'
+ trap post_test EXIT INT HUP TERM
+ rpm -qa
+ grep expect
++ type -t config_params
+ '[' -n '' ']'
++ type -t pre_test
+ '[' -n function ']'
+ pre_test
+ LOG_INFO 'Start to prepare the test environment.'
+ message='Start to prepare the test environment.'
+ python3 /root/mugen-riscv/libs/locallibs/mugen_log.py --level info --message 'Start to prepare the test environment.'
Wed Aug 30 03:25:23 2023 - INFO  - Start to prepare the test environment.
+ DNF_INSTALL rpmlint
+ pkgs=rpmlint
+ node=1
+ '[' -z '' ']'
+ tmpfile=
++ python3 /root/mugen-riscv/libs/locallibs/rpm_manage.py install --pkgs rpmlint --node 1 --tempfile ''
+ tmpfile2=/tmp/tmp4_t6yh9j
+ '[' -z '' ']'
+ tmpfile=/tmp/tmp4_t6yh9j
+ wget https://repo.openeuler.org/openEuler-20.03-LTS/everything/aarch64/Packages/LibRaw-0.19.0-9.oe1.aarch64.rpm
oe_test_rpmdiff.sh: line 25: wget: command not found
+ wget https://repo.openeuler.org/openEuler-20.03-LTS/update/aarch64/Packages/LibRaw-0.19.0-10.oe1.aarch64.rpm
oe_test_rpmdiff.sh: line 26: wget: command not found
+ LOG_INFO 'End to prepare the test environment.'
+ message='End to prepare the test environment.'
+ python3 /root/mugen-riscv/libs/locallibs/mugen_log.py --level info --message 'End to prepare the test environment.'
Wed Aug 30 03:25:32 2023 - INFO  - End to prepare the test environment.
++ type -t run_test
+ '[' -n function ']'
+ run_test
+ LOG_INFO 'Start to run test1.'
+ message='Start to run test1.'
+ python3 /root/mugen-riscv/libs/locallibs/mugen_log.py --level info --message 'Start to run test1.'
Wed Aug 30 03:25:32 2023 - INFO  - Start to run test1.
+ rpmdiff LibRaw-0.19.0-10.oe1.aarch64.rpm LibRaw-0.19.0-9.oe1.aarch64.rpm
+ grep 'S.5.......T /usr/lib64/libraw.so.19.0.0'
'No installed packages by name LibRaw-0.19.0-10.oe1.aarch64.rpm'
+ CHECK_RESULT 1 0 0 'rpmdiff failed'
+ actual_result=1
+ expect_result=0
+ mode=0
+ error_log='rpmdiff failed'
+ '[' -z 1 ']'
+ '[' 0 -eq 0 ']'
+ test 1x '!=' 0x
+ test -n 'rpmdiff failed'
+ LOG_ERROR 'rpmdiff failed'
+ message='rpmdiff failed'
+ python3 /root/mugen-riscv/libs/locallibs/mugen_log.py --level error --message 'rpmdiff failed'
Wed Aug 30 03:25:32 2023 - ERROR - rpmdiff failed
+ (( exec_result++ ))
+ LOG_ERROR 'oe_test_rpmdiff.sh line 35'
+ message='oe_test_rpmdiff.sh line 35'
+ python3 /root/mugen-riscv/libs/locallibs/mugen_log.py --level error --message 'oe_test_rpmdiff.sh line 35'
Wed Aug 30 03:25:32 2023 - ERROR - oe_test_rpmdiff.sh line 35
+ return 0
+ LOG_INFO 'End to run test1.'
+ message='End to run test1.'
+ python3 /root/mugen-riscv/libs/locallibs/mugen_log.py --level info --message 'End to run test1.'
Wed Aug 30 03:25:32 2023 - INFO  - End to run test1.
+ LOG_INFO 'Start to run test2.'
+ message='Start to run test2.'
+ python3 /root/mugen-riscv/libs/locallibs/mugen_log.py --level info --message 'Start to run test2.'
Wed Aug 30 03:25:32 2023 - INFO  - Start to run test2.
+ rpmdiff -i 5 LibRaw-0.19.0-10.oe1.aarch64.rpm LibRaw-0.19.0-9.oe1.aarch64.rpm
+ grep 'S.........T /usr/lib64/libraw.so.19.0.0'
usage: rpmdiff [-h] [-V]
               [-i {S,M,5,D,N,L,V,U,G,F,T} [{S,M,5,D,N,L,V,U,G,F,T} ...]]
               [-e GLOB [GLOB ...]]
               RPM_ORIG RPM_NEW
rpmdiff: error: argument -i/--ignore: invalid choice: 'LibRaw-0.19.0-10.oe1.aarch64.rpm' (choose from 'S', 'M', '5', 'D', 'N', 'L', 'V', 'U', 'G', 'F', 'T')
+ CHECK_RESULT 1 0 0 'rpmdiff -i 5 failed'
+ actual_result=1
+ expect_result=0
+ mode=0
+ error_log='rpmdiff -i 5 failed'
+ '[' -z 1 ']'
+ '[' 0 -eq 0 ']'
+ test 1x '!=' 0x
+ test -n 'rpmdiff -i 5 failed'
+ LOG_ERROR 'rpmdiff -i 5 failed'
+ message='rpmdiff -i 5 failed'
+ python3 /root/mugen-riscv/libs/locallibs/mugen_log.py --level error --message 'rpmdiff -i 5 failed'
Wed Aug 30 03:25:32 2023 - ERROR - rpmdiff -i 5 failed
+ (( exec_result++ ))
+ LOG_ERROR 'oe_test_rpmdiff.sh line 41'
+ message='oe_test_rpmdiff.sh line 41'
+ python3 /root/mugen-riscv/libs/locallibs/mugen_log.py --level error --message 'oe_test_rpmdiff.sh line 41'
Wed Aug 30 03:25:32 2023 - ERROR - oe_test_rpmdiff.sh line 41
+ return 0
+ LOG_INFO 'End to run test2.'
+ message='End to run test2.'
+ python3 /root/mugen-riscv/libs/locallibs/mugen_log.py --level info --message 'End to run test2.'
Wed Aug 30 03:25:32 2023 - INFO  - End to run test2.
+ LOG_INFO 'Start to run test3.'
+ message='Start to run test3.'
+ python3 /root/mugen-riscv/libs/locallibs/mugen_log.py --level info --message 'Start to run test3.'
Wed Aug 30 03:25:32 2023 - INFO  - Start to run test3.
+ rpmdiff -i T LibRaw-0.19.0-10.oe1.aarch64.rpm LibRaw-0.19.0-9.oe1.aarch64.rpm
+ grep 'S.5........ /usr/lib64/libraw.so.19.0.0'
usage: rpmdiff [-h] [-V]
               [-i {S,M,5,D,N,L,V,U,G,F,T} [{S,M,5,D,N,L,V,U,G,F,T} ...]]
               [-e GLOB [GLOB ...]]
               RPM_ORIG RPM_NEW
rpmdiff: error: argument -i/--ignore: invalid choice: 'LibRaw-0.19.0-10.oe1.aarch64.rpm' (choose from 'S', 'M', '5', 'D', 'N', 'L', 'V', 'U', 'G', 'F', 'T')
+ CHECK_RESULT 1 0 0 'rpmdiff -i T failed'
+ actual_result=1
+ expect_result=0
+ mode=0
+ error_log='rpmdiff -i T failed'
+ '[' -z 1 ']'
+ '[' 0 -eq 0 ']'
+ test 1x '!=' 0x
+ test -n 'rpmdiff -i T failed'
+ LOG_ERROR 'rpmdiff -i T failed'
+ message='rpmdiff -i T failed'
+ python3 /root/mugen-riscv/libs/locallibs/mugen_log.py --level error --message 'rpmdiff -i T failed'
Wed Aug 30 03:25:32 2023 - ERROR - rpmdiff -i T failed
+ (( exec_result++ ))
+ LOG_ERROR 'oe_test_rpmdiff.sh line 47'
+ message='oe_test_rpmdiff.sh line 47'
+ python3 /root/mugen-riscv/libs/locallibs/mugen_log.py --level error --message 'oe_test_rpmdiff.sh line 47'
Wed Aug 30 03:25:32 2023 - ERROR - oe_test_rpmdiff.sh line 47
+ return 0
+ LOG_INFO 'End to run test3.'
+ message='End to run test3.'
+ python3 /root/mugen-riscv/libs/locallibs/mugen_log.py --level info --message 'End to run test3.'
Wed Aug 30 03:25:32 2023 - INFO  - End to run test3.
+ CASE_RESULT 0
+ case_re=0
+ test -z 3
+ test 3 -gt 0
+ LOG_ERROR 'failed to execute the case.'
+ message='failed to execute the case.'
+ python3 /root/mugen-riscv/libs/locallibs/mugen_log.py --level error --message 'failed to execute the case.'
Wed Aug 30 03:25:32 2023 - ERROR - failed to execute the case.
+ exit 3
+ post_test
+ LOG_INFO 'Start to restore the test environment.'
+ message='Start to restore the test environment.'
+ python3 /root/mugen-riscv/libs/locallibs/mugen_log.py --level info --message 'Start to restore the test environment.'
Wed Aug 30 03:25:32 2023 - INFO  - Start to restore the test environment.
+ DNF_REMOVE
+ node=1
+ pkg_list=
+ mode=0
+ [[ -z /tmp/tmp4_t6yh9j ]]
+ '[' 0 -ne 0 ']'
+ '[' 1 == 0 ']'
+ python3 /root/mugen-riscv/libs/locallibs/rpm_manage.py remove --node 1 --pkgs '' --tempfile /tmp/tmp4_t6yh9j
+ '[' 0 -ne 0 ']'
+ rm -rf LibRaw-0.19.0-10.oe1.aarch64.rpm LibRaw-0.19.0-9.oe1.aarch64.rpm
+ LOG_INFO 'End to restore the test environment.'
+ message='End to restore the test environment.'
+ python3 /root/mugen-riscv/libs/locallibs/mugen_log.py --level info --message 'End to restore the test environment.'
Wed Aug 30 03:25:33 2023 - INFO  - End to restore the test environment.
